2025-08-27 16:40:00,358 INFO Downloaded: https://www.ispdados.rj.gov.br/Arquivos/BaseDPEvolucaoMensalCisp.csv -> 20250827T194000Z__3042903bfd__BaseDPEvolucaoMensalCisp.csv
2025-08-27 16:40:00,595 INFO Downloaded: https://www.ispdados.rj.gov.br/Arquivos/DOMensalEstadoDesde1991.csv -> 20250827T194000Z__07ef24c074__DOMensalEstadoDesde1991.csv
2025-08-27 16:40:00,829 INFO Downloaded: https://www.ispdados.rj.gov.br/Arquivos/BaseEstadoTaxaMes.csv -> 20250827T194000Z__51c245a5a1__BaseEstadoTaxaMes.csv
2025-08-27 16:40:00,959 INFO Downloaded: https://www.ispdados.rj.gov.br/Arquivos/BaseEstadoTaxaAno.csv -> 20250827T194000Z__e1f0b24105__BaseEstadoTaxaAno.csv
2025-08-27 16:40:02,016 INFO Downloaded: https://www.ispdados.rj.gov.br/Arquivos/BaseMunicipioMensal.csv -> 20250827T194002Z__ab3211f1db__BaseMunicipioMensal.csv
2025-08-27 16:40:04,390 INFO Downloaded: https://www.ispdados.rj.gov.br/Arquivos/BaseMunicipioTaxaMes.csv -> 20250827T194004Z__4aa75a0378__BaseMunicipioTaxaMes.csv
2025-08-27 16:40:04,727 INFO Downloaded: https://www.ispdados.rj.gov.br/Arquivos/BaseMunicipioTaxaAno.csv -> 20250827T194004Z__ca1be4d4e6__BaseMunicipioTaxaAno.csv
2025-08-27 16:40:05,388 INFO Downloaded: https://www.ispdados.rj.gov.br/Arquivos/UppEvolucaoMensalDeTitulos.csv -> 20250827T194005Z__ccf27671fa__UppEvolucaoMensalDeTitulos.csv
2025-08-27 16:40:06,610 INFO Downloaded: https://www.ispdados.rj.gov.br/Arquivos/ArmasApreendidasEvolucaoCisp.csv -> 20250827T194006Z__8ab28d5c07__ArmasApreendidasEvolucaoCisp.csv
2025-08-27 16:40:07,109 INFO Downloaded: https://www.ispdados.rj.gov.br/Arquivos/ArmasDP2003_2006.csv -> 20250827T194007Z__1e3c7b3982__ArmasDP2003_2006.csv
2025-08-27 16:40:07,242 INFO Downloaded: https://www.ispdados.rj.gov.br/Arquivos/ArmasEstado2000_2006.csv -> 20250827T194007Z__0d67b8a57b__ArmasEstado2000_2006.csv
2025-08-27 16:40:07,832 INFO Downloaded: https://www.ispdados.rj.gov.br/Arquivos/PoliciaisMortos.csv -> 20250827T194007Z__63b6cde8e9__PoliciaisMortos.csv
2025-08-27 16:40:08,357 INFO Downloaded: https://www.ispdados.rj.gov.br/Arquivos/BaseFeminicidioEvolucaoMensalCisp.csv -> 20250827T194008Z__ff02d7ff0e__BaseFeminicidioEvolucaoMensalCisp.csv
2025-08-27 16:40:08,519 INFO Downloaded: https://www.ispdados.rj.gov.br/Arquivos/SeriesHistoricas.csv -> 20250827T194008Z__933b18a2d0__SeriesHistoricas.csv
2025-08-27 16:40:08,637 INFO Downloaded: https://www.ispdados.rj.gov.br/Arquivos/base_elucidacao.csv -> 20250827T194008Z__e3a889f990__base_elucidacao.csv
2025-08-27 16:40:09,103 INFO Downloaded: https://www.ispdados.rj.gov.br/Arquivos/base_bicicleta.csv -> 20250827T194009Z__1c34b6bd35__base_bicicleta.csv
2025-08-27 16:40:10,097 INFO Downloaded: https://www.ispdados.rj.gov.br/Arquivos/Base_DP_senasp.csv -> 20250827T194010Z__44eeaac945__Base_DP_senasp.csv
2025-08-27 16:40:10,761 INFO Processed: 20250827T194000Z__3042903bfd__BaseDPEvolucaoMensalCisp.csv -> 20250827T194000Z__3042903bfd__BaseDPEvolucaoMensalCisp__normalized.csv
2025-08-27 16:40:10,789 INFO Processed: 20250827T194000Z__07ef24c074__DOMensalEstadoDesde1991.csv -> 20250827T194000Z__07ef24c074__DOMensalEstadoDesde1991__normalized.csv
2025-08-27 16:40:10,810 INFO Processed: 20250827T194000Z__51c245a5a1__BaseEstadoTaxaMes.csv -> 20250827T194000Z__51c245a5a1__BaseEstadoTaxaMes__normalized.csv
2025-08-27 16:40:10,825 INFO Processed: 20250827T194000Z__e1f0b24105__BaseEstadoTaxaAno.csv -> 20250827T194000Z__e1f0b24105__BaseEstadoTaxaAno__normalized.csv
2025-08-27 16:40:11,099 INFO Processed: 20250827T194002Z__ab3211f1db__BaseMunicipioMensal.csv -> 20250827T194002Z__ab3211f1db__BaseMunicipioMensal__normalized.csv
2025-08-27 16:40:11,361 INFO Processed: 20250827T194004Z__4aa75a0378__BaseMunicipioTaxaMes.csv -> 20250827T194004Z__4aa75a0378__BaseMunicipioTaxaMes__normalized.csv
2025-08-27 16:40:11,395 INFO Processed: 20250827T194004Z__ca1be4d4e6__BaseMunicipioTaxaAno.csv -> 20250827T194004Z__ca1be4d4e6__BaseMunicipioTaxaAno__normalized.csv
2025-08-27 16:40:11,478 INFO Processed: 20250827T194005Z__ccf27671fa__UppEvolucaoMensalDeTitulos.csv -> 20250827T194005Z__ccf27671fa__UppEvolucaoMensalDeTitulos__normalized.csv
2025-08-27 16:40:11,936 INFO Processed: 20250827T194006Z__8ab28d5c07__ArmasApreendidasEvolucaoCisp.csv -> 20250827T194006Z__8ab28d5c07__ArmasApreendidasEvolucaoCisp__normalized.csv
2025-08-27 16:40:11,999 INFO Processed: 20250827T194007Z__1e3c7b3982__ArmasDP2003_2006.csv -> 20250827T194007Z__1e3c7b3982__ArmasDP2003_2006__normalized.csv
2025-08-27 16:40:12,014 INFO Processed: 20250827T194007Z__0d67b8a57b__ArmasEstado2000_2006.csv -> 20250827T194007Z__0d67b8a57b__ArmasEstado2000_2006__normalized.csv
2025-08-27 16:40:12,069 INFO Processed: 20250827T194007Z__63b6cde8e9__PoliciaisMortos.csv -> 20250827T194007Z__63b6cde8e9__PoliciaisMortos__normalized.csv
2025-08-27 16:40:12,126 INFO Processed: 20250827T194008Z__ff02d7ff0e__BaseFeminicidioEvolucaoMensalCisp.csv -> 20250827T194008Z__ff02d7ff0e__BaseFeminicidioEvolucaoMensalCisp__normalized.csv
2025-08-27 16:40:12,146 INFO Processed: 20250827T194008Z__933b18a2d0__SeriesHistoricas.csv -> 20250827T194008Z__933b18a2d0__SeriesHistoricas__normalized.csv
2025-08-27 16:40:12,158 INFO Processed: 20250827T194008Z__e3a889f990__base_elucidacao.csv -> 20250827T194008Z__e3a889f990__base_elucidacao__normalized.csv
2025-08-27 16:40:12,196 INFO Processed: 20250827T194009Z__1c34b6bd35__base_bicicleta.csv -> 20250827T194009Z__1c34b6bd35__base_bicicleta__normalized.csv
2025-08-27 16:40:12,353 INFO Processed: 20250827T194010Z__44eeaac945__Base_DP_senasp.csv -> 20250827T194010Z__44eeaac945__Base_DP_senasp__normalized.csv
2025-08-27 16:40:21,021 INFO Master updated with 193842 rows
2025-08-29 19:18:20,558 - INFO - ==== Iniciando execução do bot ====
2025-08-29 19:18:20,558 - INFO - Acessando página principal...
2025-08-29 19:18:21,821 - INFO - Baixando arquivo: https://www.ispdados.rj.gov.br/Arquivos/BaseMunicipioMensal.csv
2025-08-29 19:18:25,069 - INFO - Arquivo atualizado e salvo em /home/runner/work/webscraping/webscraping/data/BaseMunicipioMensal.csv
2025-08-29 23:34:07,546 - INFO - ==== Iniciando execução do bot ====
2025-08-29 23:34:07,546 - INFO - Acessando página principal...
2025-08-29 23:34:08,532 - INFO - Baixando arquivo: https://www.ispdados.rj.gov.br/Arquivos/BaseMunicipioMensal.csv
2025-08-29 23:34:13,221 - INFO - Arquivo atualizado e salvo em /home/runner/work/webscraping/webscraping/data/BaseMunicipioMensal.csv
2025-08-29 23:34:13,221 - INFO - Lendo CSV para envio ao Sheets...
2025-08-29 23:34:13,238 - ERROR - Erro ao enviar para Google Sheets: 'utf-8' codec can't decode byte 0xe9 in position 6: unexpected end of data
2025-08-29 23:39:46,439 - INFO - ==== Iniciando execução do bot ====
2025-08-29 23:39:46,440 - INFO - Acessando página principal...
2025-08-29 23:39:47,509 - INFO - Baixando arquivo: https://www.ispdados.rj.gov.br/Arquivos/BaseMunicipioMensal.csv
2025-08-29 23:39:52,811 - INFO - Arquivo atualizado e salvo em /home/runner/work/webscraping/webscraping/data/BaseMunicipioMensal.csv
2025-08-29 23:39:52,811 - INFO - Lendo CSV para envio ao Sheets...
2025-08-29 23:39:52,827 - ERROR - Erro ao enviar para Google Sheets: 'utf-8' codec can't decode byte 0xe9 in position 6: unexpected end of data
2025-08-29 23:45:48,506 - INFO - ==== Iniciando execução do bot ====
2025-08-29 23:45:48,506 - INFO - Acessando página principal...
2025-08-29 23:45:49,450 - INFO - Baixando arquivo: https://www.ispdados.rj.gov.br/Arquivos/BaseMunicipioMensal.csv
2025-08-29 23:45:54,887 - INFO - Arquivo atualizado e salvo em /home/runner/work/webscraping/webscraping/data/BaseMunicipioMensal.csv
2025-08-29 23:45:54,887 - INFO - Lendo CSV para envio ao Sheets...
2025-08-29 23:45:54,904 - ERROR - Erro ao enviar para Google Sheets: 'utf-8' codec can't decode byte 0xe9 in position 6: unexpected end of data
2025-08-29 23:50:00,523 - INFO - ==== Iniciando execução do bot ====
2025-08-29 23:50:00,523 - INFO - Acessando página principal...
2025-08-29 23:50:01,243 - INFO - Baixando arquivo: https://www.ispdados.rj.gov.br/Arquivos/BaseMunicipioMensal.csv
2025-08-29 23:50:05,189 - INFO - Arquivo atualizado e salvo em /home/runner/work/webscraping/webscraping/data/BaseMunicipioMensal.csv
2025-08-29 23:50:05,189 - INFO - Lendo CSV para envio ao Sheets...
2025-08-29 23:50:05,299 - INFO - Autenticando com Google Sheets...
2025-08-29 23:50:05,299 - ERROR - Erro ao enviar para Google Sheets: [Errno 2] No such file or directory: 'calculo-p-valor-24be73e741dd.json'
2025-08-29 23:54:17,502 - INFO - ==== Iniciando execução do bot ====
2025-08-29 23:54:17,502 - INFO - Acessando página principal...
2025-08-29 23:54:18,768 - INFO - Baixando arquivo: https://www.ispdados.rj.gov.br/Arquivos/BaseMunicipioMensal.csv
2025-08-29 23:54:22,522 - INFO - Arquivo atualizado e salvo em /home/runner/work/webscraping/webscraping/data/BaseMunicipioMensal.csv
2025-08-29 23:54:22,522 - INFO - Lendo CSV para envio ao Sheets...
2025-08-29 23:54:22,616 - INFO - Autenticando com Google Sheets...
2025-08-29 23:54:22,720 - ERROR - Erro ao enviar para Google Sheets: ('invalid_grant: Invalid JWT Signature.', {'error': 'invalid_grant', 'error_description': 'Invalid JWT Signature.'})
2025-08-29 23:57:42,031 - INFO - ==== Iniciando execução do bot ====
2025-08-29 23:57:42,031 - INFO - Acessando página principal...
2025-08-29 23:57:42,736 - INFO - Baixando arquivo: https://www.ispdados.rj.gov.br/Arquivos/BaseMunicipioMensal.csv
2025-08-29 23:57:47,347 - INFO - Arquivo salvo em /home/runner/work/webscraping/webscraping/data/BaseMunicipioMensal.csv
2025-08-29 23:57:47,347 - INFO - Lendo CSV para envio ao Sheets...
2025-08-29 23:57:47,421 - INFO - Autenticando com Google Sheets...
2025-08-29 23:57:47,513 - ERROR - Erro ao enviar para o Google Sheets: ('invalid_grant: Invalid JWT Signature.', {'error': 'invalid_grant', 'error_description': 'Invalid JWT Signature.'})
